{"info":"网络异常,请求地址https://www.manlost.com/userprofile.html","level":"info","msg":"","time":"2023-06-07 11:44:56"}
{"info":"网络异常,请求地址https://www.manlost.com/userprofile.html","level":"info","msg":"","time":"2023-06-07 11:44:57"}
time="2023-06-07T11:44:57+08:00" level=info info="网络异常,请求地址https://www.manlost.com/userprofile.html"
{"info":"网络异常,请求地址https://www.manlost.com/userprofile.html","level":"info","msg":"","time":"2023-06-07 11:44:58"}
time="2023-06-07T11:44:58+08:00" level=info info="网络异常,请求地址https://www.manlost.com/userprofile.html"
{"info":"网络异常,请求地址https://www.manlost.com/userprofile.html","level":"info","msg":"","time":"2023-06-07 12:04:55"}
time="2023-06-07T12:04:55+08:00" level=info info="网络异常,请求地址https://www.manlost.com/userprofile.html"
{"info":"网络异常,请求地址https://www.manlost.com/userprofile.html","level":"info","msg":"","time":"2023-06-07 12:04:56"}
time="2023-06-07T12:04:56+08:00" level=info info="网络异常,请求地址https://www.manlost.com/userprofile.html"
{"info":"网络异常,请求地址https://www.manlost.com/userprofile.html","level":"info","msg":"","time":"2023-06-07 12:04:58"}
time="2023-06-07T12:04:58+08:00" level=info info="网络异常,请求地址https://www.manlost.com/userprofile.html"
{"info":"网络异常,请求地址https://www.manlost.com/userprofile.html","level":"info","msg":"","time":"2023-06-07 12:04:59"}
time="2023-06-07T12:04:59+08:00" level=info info="网络异常,请求地址https://www.manlost.com/userprofile.html"
{"info":"网络异常,请求地址https://www.manlost.com/userprofile.html","level":"info","msg":"","time":"2023-06-07 12:05:00"}
time="2023-06-07T12:05:00+08:00" level=info info="网络异常,请求地址https://www.manlost.com/userprofile.html"
{"info":"网络异常,请求地址https://www.manlost.com/userprofile.html","level":"info","msg":"","time":"2023-06-07 12:05:01"}
time="2023-06-07T12:05:01+08:00" level=info info="网络异常,请求地址https://www.manlost.com/userprofile.html"
{"info":"网络异常,请求地址https://www.manlost.com/userprofile.html","level":"info","msg":"","time":"2023-06-07 12:05:37"}
time="2023-06-07T12:05:37+08:00" level=info info="网络异常,请求地址https://www.manlost.com/userprofile.html"
{"info":"网络异常,请求地址https://www.manlost.com/userprofile.html","level":"info","msg":"","time":"2023-06-07 12:05:38"}
time="2023-06-07T12:05:38+08:00" level=info info="网络异常,请求地址https://www.manlost.com/userprofile.html"
{"info":"网络异常,请求地址https://www.manlost.com/userprofile.html","level":"info","msg":"","time":"2023-06-07 12:05:39"}
time="2023-06-07T12:05:39+08:00" level=info info="网络异常,请求地址https://www.manlost.com/userprofile.html"
{"info":"网络异常,请求地址https://www.manlost.com/userprofile.html","level":"info","msg":"","time":"2023-06-07 12:05:40"}
time="2023-06-07T12:05:40+08:00" level=info info="网络异常,请求地址https://www.manlost.com/userprofile.html"
{"info":"网络异常,请求地址https://www.manlost.com/userprofile.html","level":"info","msg":"","time":"2023-06-07 12:05:41"}
time="2023-06-07T12:05:41+08:00" level=info info="网络异常,请求地址https://www.manlost.com/userprofile.html"
{"info":"网络异常,请求地址https://www.manlost.com/userprofile.html","level":"info","msg":"","time":"2023-06-07 12:05:42"}
time="2023-06-07T12:05:42+08:00" level=info info="网络异常,请求地址https://www.manlost.com/userprofile.html"
{"info":"网络异常,请求地址https://www.manlost.com/userprofile.html","level":"info","msg":"","time":"2023-06-07 12:05:43"}
time="2023-06-07T12:05:43+08:00" level=info info="网络异常,请求地址https://www.manlost.com/userprofile.html"
{"info":"数据已存在，可以停止了","level":"info","msg":"","time":"2023-06-07 12:35:16"}
time="2023-06-07T12:35:16+08:00" level=info info="数据已存在，可以停止了"
{"info":"数据已存在，可以停止了","level":"info","msg":"","time":"2023-06-07 12:35:54"}
time="2023-06-07T12:35:54+08:00" level=info info="数据已存在，可以停止了"
{"info":"111","level":"info","msg":"","time":"2023-06-07 14:19:49"}
time="2023-06-07T14:19:49+08:00" level=info info=111
{"info":"111","level":"info","msg":"","time":"2023-06-07 14:19:51"}
time="2023-06-07T14:19:51+08:00" level=info info=111
{"info":"时间格式异常parsing time \"\\xe7\\x99\\xbb\\xe8\\xae\\xb0\\xe6\\x97\\xb6\\xe9\\x97\\xb4\" as \"2006-01-02\": cannot parse \"\\xe7\\x99\\xbb\\xe8\\xae\\xb0\\xe6\\x97\\xb6\\xe9\\x97\\xb4\" as \"2006\"","level":"info","msg":"","time":"2023-06-07 15:04:53"}
time="2023-06-07T15:04:53+08:00" level=info info="时间格式异常parsing time \"\\xe7\\x99\\xbb\\xe8\\xae\\xb0\\xe6\\x97\\xb6\\xe9\\x97\\xb4\" as \"2006-01-02\": cannot parse \"\\xe7\\x99\\xbb\\xe8\\xae\\xb0\\xe6\\x97\\xb6\\xe9\\x97\\xb4\" as \"2006\""
{"info":"数据已存在，可以停止了","level":"info","msg":"","time":"2023-06-07 15:06:28"}
time="2023-06-07T15:06:28+08:00" level=info info="数据已存在，可以停止了"
{"info":"数据已存在，可以停止了","level":"info","msg":"","time":"2023-06-07 15:06:43"}
time="2023-06-07T15:06:43+08:00" level=info info="数据已存在，可以停止了"
{"info":"数据已存在，可以停止了","level":"info","msg":"","time":"2023-06-07 15:08:30"}
time="2023-06-07T15:08:30+08:00" level=info info="数据已存在，可以停止了"
{"info":"数据已存在，可以停止了","level":"info","msg":"","time":"2023-06-07 15:09:24"}
time="2023-06-07T15:09:24+08:00" level=info info="数据已存在，可以停止了"
{"info":"数据已存在，可以停止了","level":"info","msg":"","time":"2023-06-07 15:20:05"}
time="2023-06-07T15:20:05+08:00" level=info info="数据已存在，可以停止了"
